<?xml version="1.0" encoding="UTF-8"?>
<!-- Generated by org.testng.reporters.JUnitReportReporter -->
<testsuite hostname="Naseeb" failures="0" tests="1" name="Test.firstTestCase" time="17.119" errors="0" timestamp="2022-11-11T16:59:10 GST" skipped="0">
  <testcase classname="Test.firstTestCase" name="firstTest" time="17.119"/>
  <system-out>
    <![CDATA[User logged in scucessfully]]>
  </system-out>
</testsuite> <!-- Test.firstTestCase -->
